TN:
SF:src\db\drivers\mysql.driver.ts
FN:9,<instance_members_initializer>
FN:12,init
FN:28,query
FN:32,checkMigrationTable
FN:44,getExistingMigrations
FN:48,enQuote
FN:52,get type
FNF:7
FNH:2
FNDA:2,<instance_members_initializer>
FNDA:0,init
FNDA:0,query
FNDA:0,checkMigrationTable
FNDA:0,getExistingMigrations
FNDA:1,enQuote
FNDA:0,get type
DA:1,1
DA:2,1
DA:3,1
DA:4,1
DA:5,1
DA:6,1
DA:7,1
DA:8,1
DA:9,1
DA:10,2
DA:11,2
DA:12,2
DA:13,0
DA:14,0
DA:15,0
DA:16,0
DA:17,0
DA:18,0
DA:19,0
DA:20,0
DA:21,0
DA:22,0
DA:23,0
DA:24,0
DA:25,0
DA:26,0
DA:27,2
DA:28,2
DA:29,0
DA:30,0
DA:31,2
DA:32,2
DA:33,0
DA:34,0
DA:35,0
DA:36,0
DA:37,0
DA:38,0
DA:39,0
DA:40,0
DA:41,0
DA:42,0
DA:43,2
DA:44,2
DA:45,0
DA:46,0
DA:47,2
DA:48,2
DA:49,1
DA:50,1
DA:51,2
DA:52,2
DA:53,0
DA:54,0
DA:55,2
LF:55
LH:25
BRDA:9,0,0,2
BRDA:48,1,0,1
BRF:2
BRH:2
end_of_record
TN:
SF:src\db\drivers\postgres.driver.ts
FN:9,init
FN:20,checkMigrationTable
FN:32,getExistingMigrations
FN:36,query
FN:40,enQuote
FN:44,get type
FNF:6
FNH:1
FNDA:0,init
FNDA:0,checkMigrationTable
FNDA:0,getExistingMigrations
FNDA:0,query
FNDA:1,enQuote
FNDA:0,get type
DA:1,1
DA:2,1
DA:3,1
DA:4,1
DA:5,1
DA:6,1
DA:7,1
DA:8,1
DA:9,1
DA:10,0
DA:11,0
DA:12,0
DA:13,0
DA:14,0
DA:15,0
DA:16,0
DA:17,0
DA:18,0
DA:19,1
DA:20,1
DA:21,0
DA:22,0
DA:23,0
DA:24,0
DA:25,0
DA:26,0
DA:27,0
DA:28,0
DA:29,0
DA:30,0
DA:31,1
DA:32,1
DA:33,0
DA:34,0
DA:35,1
DA:36,1
DA:37,0
DA:38,0
DA:39,1
DA:40,1
DA:41,1
DA:42,1
DA:43,1
DA:44,1
DA:45,0
DA:46,0
DA:47,1
DA:48,1
LF:48
LH:23
BRDA:40,0,0,1
BRF:1
BRH:1
end_of_record
